<?xml version="1.0" encoding="UTF-8"?>
<testsuite name="com.mudgil.demo1.commons.model.TxnGatewayOutputTests" time="0.002" tests="1" errors="0" skipped="0" failures="0">
  <properties>
    <property name="java.runtime.name" value="Java(TM) SE Runtime Environment"/>
    <property name="sun.boot.library.path" value="E:\OtherInstalls\Java\jdk1.8.0_152\jre\bin"/>
    <property name="java.vm.version" value="25.152-b16"/>
    <property name="java.vm.vendor" value="Oracle Corporation"/>
    <property name="maven.multiModuleProjectDirectory" value="E:\projects\txn-fraud-demo\MyAws\fdp2-parent"/>
    <property name="java.vendor.url" value="http://java.oracle.com/"/>
    <property name="path.separator" value=";"/>
    <property name="guice.disable.misplaced.annotation.check" value="true"/>
    <property name="java.vm.name" value="Java HotSpot(TM) 64-Bit Server VM"/>
    <property name="file.encoding.pkg" value="sun.io"/>
    <property name="user.script" value=""/>
    <property name="user.country" value="GB"/>
    <property name="sun.java.launcher" value="SUN_STANDARD"/>
    <property name="sun.os.patch.level" value=""/>
    <property name="java.vm.specification.name" value="Java Virtual Machine Specification"/>
    <property name="user.dir" value="E:\projects\txn-fraud-demo\MyAws\fdp2-parent"/>
    <property name="java.runtime.version" value="1.8.0_152-b16"/>
    <property name="java.awt.graphicsenv" value="sun.awt.Win32GraphicsEnvironment"/>
    <property name="java.endorsed.dirs" value="E:\OtherInstalls\Java\jdk1.8.0_152\jre\lib\endorsed"/>
    <property name="os.arch" value="amd64"/>
    <property name="java.io.tmpdir" value="C:\Users\Dheeraj\AppData\Local\Temp\"/>
    <property name="line.separator" value="&#10;"/>
    <property name="java.vm.specification.vendor" value="Oracle Corporation"/>
    <property name="user.variant" value=""/>
    <property name="os.name" value="Windows 10"/>
    <property name="classworlds.conf" value="C:\MyInstalls\Maven\apache-maven-3.3.3\bin\..\bin\m2.conf"/>
    <property name="sun.jnu.encoding" value="Cp1252"/>
    <property name="java.library.path" value="E:\OtherInstalls\Java\jdk1.8.0_152\bin;C:\WINDOWS\Sun\Java\bin;C:\WINDOWS\system32;C:\WINDOWS;C:\ProgramData\Oracle\Java\javapath;C:\Python27\;C:\Python27\Scripts;E:\Win10Installs\oracle12c\base\software\product\12.1.0\dbhome_1\bin;E:\Win10Installs\oracle12c\base\product\12.1.0\dbhome_1\bin;C:\Windows\system32;C:\Windows;C:\Windows\System32\Wbem;C:\Windows\System32\WindowsPowerShell\v1.0\;C:\Program Files (x86)\ATI Technologies\ATI.ACE\Core-Static;C:\MyInstalls\Java\jdk1.8.0_71\bin;C:\MyInstalls\Maven\apache-maven-3.3.3\bin;E:\Win10Installs\Skype\Phone\;C:\adb;C:\WINDOWS\system32;C:\WINDOWS;C:\WINDOWS\System32\Wbem;C:\WINDOWS\System32\WindowsPowerShell\v1.0\;C:\Program Files\Common Files\Autodesk Shared\;C:\Users\Dheeraj\.dnx\bin;C:\Program Files\Microsoft DNX\Dnvm\;C:\Program Files (x86)\Windows Kits\8.1\Windows Performance Toolkit\;C:\Program Files\Microsoft SQL Server\130\Tools\Binn\;E:\OtherInstalls\nodejs\;E:\OtherInstalls\Git\cmd;C:\MyInstalls\Notepad++;E:\OtherInstalls\Perforce;E:\OtherInstalls\HashiCorp\Vagrant\bin;E:\OtherInstalls\scala\bin;E:\OtherInstalls\Jmeter\apache-jmeter-3.3\bin;E:\OtherInstalls\python\Scripts\;E:\OtherInstalls\python\;C:\Users\Dheeraj\AppData\Local\Microsoft\WindowsApps;C:\Users\Dheeraj\AppData\Roaming\npm;C:\Users\Dheeraj\AppData\Local\atom\bin;E:\OtherInstalls\Heroku\bin;C:\Users\Dheeraj\AppData\Local\Microsoft\WindowsApps;E:\OtherInstalls\gradle\gradle-4.3\bin;E:\OtherInstalls\Java\jdk1.8.0_152\bin;E:\OtherInstalls\scala\bin\bin;c:\spark\bin;c:\winutils\bin;;."/>
    <property name="java.specification.name" value="Java Platform API Specification"/>
    <property name="java.class.version" value="52.0"/>
    <property name="sun.management.compiler" value="HotSpot 64-Bit Tiered Compilers"/>
    <property name="os.version" value="10.0"/>
    <property name="user.home" value="C:\Users\Dheeraj"/>
    <property name="user.timezone" value="Europe/London"/>
    <property name="java.awt.printerjob" value="sun.awt.windows.WPrinterJob"/>
    <property name="java.specification.version" value="1.8"/>
    <property name="file.encoding" value="Cp1252"/>
    <property name="user.name" value="Dheeraj"/>
    <property name="java.class.path" value="C:\MyInstalls\Maven\apache-maven-3.3.3\bin\..\boot\plexus-classworlds-2.5.2.jar"/>
    <property name="java.vm.specification.version" value="1.8"/>
    <property name="sun.arch.data.model" value="64"/>
    <property name="java.home" value="E:\OtherInstalls\Java\jdk1.8.0_152\jre"/>
    <property name="sun.java.command" value="org.codehaus.plexus.classworlds.launcher.Launcher clean install"/>
    <property name="java.specification.vendor" value="Oracle Corporation"/>
    <property name="user.language" value="en"/>
    <property name="awt.toolkit" value="sun.awt.windows.WToolkit"/>
    <property name="java.vm.info" value="mixed mode"/>
    <property name="java.version" value="1.8.0_152"/>
    <property name="java.ext.dirs" value="E:\OtherInstalls\Java\jdk1.8.0_152\jre\lib\ext;C:\WINDOWS\Sun\Java\lib\ext"/>
    <property name="sun.boot.class.path" value="E:\OtherInstalls\Java\jdk1.8.0_152\jre\lib\resources.jar;E:\OtherInstalls\Java\jdk1.8.0_152\jre\lib\rt.jar;E:\OtherInstalls\Java\jdk1.8.0_152\jre\lib\sunrsasign.jar;E:\OtherInstalls\Java\jdk1.8.0_152\jre\lib\jsse.jar;E:\OtherInstalls\Java\jdk1.8.0_152\jre\lib\jce.jar;E:\OtherInstalls\Java\jdk1.8.0_152\jre\lib\charsets.jar;E:\OtherInstalls\Java\jdk1.8.0_152\jre\lib\jfr.jar;E:\OtherInstalls\Java\jdk1.8.0_152\jre\classes"/>
    <property name="sun.stderr.encoding" value="cp850"/>
    <property name="java.vendor" value="Oracle Corporation"/>
    <property name="maven.home" value="C:\MyInstalls\Maven\apache-maven-3.3.3\bin\.."/>
    <property name="file.separator" value="\"/>
    <property name="java.vendor.url.bug" value="http://bugreport.sun.com/bugreport/"/>
    <property name="sun.cpu.endian" value="little"/>
    <property name="sun.io.unicode.encoding" value="UnicodeLittle"/>
    <property name="sun.stdout.encoding" value="cp850"/>
    <property name="sun.desktop" value="windows"/>
    <property name="sun.cpu.isalist" value="amd64"/>
  </properties>
  <testcase name="contextLoads" classname="com.mudgil.demo1.commons.model.TxnGatewayOutputTests" time="0.002"/>
</testsuite>